2015-01-10 12:45:55 - PHP Notice:  Undefined variable: maintenance in C:\wamp\www\502\catalog\view\theme\theme502\template\common\header.tpl on line 93
2015-01-10 12:45:55 - PHP Notice:  Undefined variable: informations in C:\wamp\www\502\catalog\view\theme\theme502\template\common\header.tpl on line 95
2015-01-10 12:45:55 - PHP Notice:  Undefined variable: text_contact in C:\wamp\www\502\catalog\view\theme\theme502\template\common\header.tpl on line 103
2015-01-10 12:45:55 - PHP Notice:  Undefined variable: return in C:\wamp\www\502\catalog\view\theme\theme502\template\common\header.tpl on line 104
2015-01-10 12:45:55 - PHP Notice:  Undefined variable: text_return in C:\wamp\www\502\catalog\view\theme\theme502\template\common\header.tpl on line 104
2015-01-10 12:45:55 - PHP Notice:  Undefined variable: sitemap in C:\wamp\www\502\catalog\view\theme\theme502\template\common\header.tpl on line 105
2015-01-10 12:45:55 - PHP Notice:  Undefined variable: text_sitemap in C:\wamp\www\502\catalog\view\theme\theme502\template\common\header.tpl on line 105
2015-01-10 12:45:55 - PHP Notice:  Undefined variable: manufacturer in C:\wamp\www\502\catalog\view\theme\theme502\template\common\header.tpl on line 109
2015-01-10 12:45:55 - PHP Notice:  Undefined variable: text_manufacturer in C:\wamp\www\502\catalog\view\theme\theme502\template\common\header.tpl on line 109
2015-01-10 12:45:55 - PHP Notice:  Undefined variable: voucher in C:\wamp\www\502\catalog\view\theme\theme502\template\common\header.tpl on line 110
2015-01-10 12:45:55 - PHP Notice:  Undefined variable: text_voucher in C:\wamp\www\502\catalog\view\theme\theme502\template\common\header.tpl on line 110
2015-01-10 12:45:55 - PHP Notice:  Undefined variable: affiliate in C:\wamp\www\502\catalog\view\theme\theme502\template\common\header.tpl on line 111
2015-01-10 12:45:55 - PHP Notice:  Undefined variable: text_affiliate in C:\wamp\www\502\catalog\view\theme\theme502\template\common\header.tpl on line 111
2015-01-10 12:45:55 - PHP Notice:  Undefined variable: special in C:\wamp\www\502\catalog\view\theme\theme502\template\common\header.tpl on line 112
2015-01-10 12:45:55 - PHP Notice:  Undefined variable: text_special in C:\wamp\www\502\catalog\view\theme\theme502\template\common\header.tpl on line 112
2015-01-10 12:45:55 - PHP Notice:  Undefined variable: newsletter in C:\wamp\www\502\catalog\view\theme\theme502\template\common\header.tpl on line 116
2015-01-10 12:45:55 - PHP Notice:  Undefined variable: text_newsletter in C:\wamp\www\502\catalog\view\theme\theme502\template\common\header.tpl on line 116
2015-11-03 21:57:45 - PHP Warning:  mysqli::query() [<a href='mysqli.query'>mysqli.query</a>]: (21000/1242): Subquery returns more than 1 row in /Users/fernandomendes/github/klimatiz/public/system/library/db/mysqli.php on line 18
2015-11-03 21:57:45 - PHP Notice:  Error: Subquery returns more than 1 row<br />Error No: 1242<br />SELECT DISTINCT *, (SELECT GROUP_CONCAT(cd1.name ORDER BY level SEPARATOR '&nbsp;&nbsp;&gt;&nbsp;&nbsp;') FROM oc_category_path cp LEFT JOIN oc_category_description cd1 ON (cp.path_id = cd1.category_id AND cp.category_id != cp.path_id) WHERE cp.category_id = c.category_id AND cd1.language_id = '4' GROUP BY cp.category_id) AS path, (SELECT DISTINCT keyword FROM oc_url_alias WHERE query = 'category_id=40') AS keyword FROM oc_category c LEFT JOIN oc_category_description cd2 ON (c.category_id = cd2.category_id) WHERE c.category_id = '40' AND cd2.language_id = '4' in /Users/fernandomendes/github/klimatiz/public/system/library/db/mysqli.php on line 40
2015-11-03 21:57:45 - PHP Notice:  Trying to get property of non-object in /Users/fernandomendes/github/klimatiz/public/admin/model/catalog/category.php on line 213
2015-11-03 21:57:45 - PHP Warning:  mysqli::query() [<a href='mysqli.query'>mysqli.query</a>]: (21000/1242): Subquery returns more than 1 row in /Users/fernandomendes/github/klimatiz/public/system/library/db/mysqli.php on line 18
2015-11-03 21:57:45 - PHP Notice:  Error: Subquery returns more than 1 row<br />Error No: 1242<br />SELECT DISTINCT *, (SELECT GROUP_CONCAT(cd1.name ORDER BY level SEPARATOR '&nbsp;&nbsp;&gt;&nbsp;&nbsp;') FROM oc_category_path cp LEFT JOIN oc_category_description cd1 ON (cp.path_id = cd1.category_id AND cp.category_id != cp.path_id) WHERE cp.category_id = c.category_id AND cd1.language_id = '4' GROUP BY cp.category_id) AS path, (SELECT DISTINCT keyword FROM oc_url_alias WHERE query = 'category_id=41') AS keyword FROM oc_category c LEFT JOIN oc_category_description cd2 ON (c.category_id = cd2.category_id) WHERE c.category_id = '41' AND cd2.language_id = '4' in /Users/fernandomendes/github/klimatiz/public/system/library/db/mysqli.php on line 40
2015-11-03 21:57:45 - PHP Notice:  Trying to get property of non-object in /Users/fernandomendes/github/klimatiz/public/admin/model/catalog/category.php on line 213
2015-11-03 21:57:47 - PHP Warning:  mysqli::query() [<a href='mysqli.query'>mysqli.query</a>]: (21000/1242): Subquery returns more than 1 row in /Users/fernandomendes/github/klimatiz/public/system/library/db/mysqli.php on line 18
2015-11-03 21:57:47 - PHP Notice:  Error: Subquery returns more than 1 row<br />Error No: 1242<br />SELECT DISTINCT *, (SELECT GROUP_CONCAT(cd1.name ORDER BY level SEPARATOR '&nbsp;&nbsp;&gt;&nbsp;&nbsp;') FROM oc_category_path cp LEFT JOIN oc_category_description cd1 ON (cp.path_id = cd1.category_id AND cp.category_id != cp.path_id) WHERE cp.category_id = c.category_id AND cd1.language_id = '4' GROUP BY cp.category_id) AS path, (SELECT DISTINCT keyword FROM oc_url_alias WHERE query = 'category_id=42') AS keyword FROM oc_category c LEFT JOIN oc_category_description cd2 ON (c.category_id = cd2.category_id) WHERE c.category_id = '42' AND cd2.language_id = '4' in /Users/fernandomendes/github/klimatiz/public/system/library/db/mysqli.php on line 40
2015-11-03 21:57:47 - PHP Notice:  Trying to get property of non-object in /Users/fernandomendes/github/klimatiz/public/admin/model/catalog/category.php on line 213
2015-11-03 21:57:48 - PHP Warning:  mysqli::query() [<a href='mysqli.query'>mysqli.query</a>]: (21000/1242): Subquery returns more than 1 row in /Users/fernandomendes/github/klimatiz/public/system/library/db/mysqli.php on line 18
2015-11-03 21:57:48 - PHP Notice:  Error: Subquery returns more than 1 row<br />Error No: 1242<br />SELECT DISTINCT *, (SELECT GROUP_CONCAT(cd1.name ORDER BY level SEPARATOR '&nbsp;&nbsp;&gt;&nbsp;&nbsp;') FROM oc_category_path cp LEFT JOIN oc_category_description cd1 ON (cp.path_id = cd1.category_id AND cp.category_id != cp.path_id) WHERE cp.category_id = c.category_id AND cd1.language_id = '4' GROUP BY cp.category_id) AS path, (SELECT DISTINCT keyword FROM oc_url_alias WHERE query = 'category_id=43') AS keyword FROM oc_category c LEFT JOIN oc_category_description cd2 ON (c.category_id = cd2.category_id) WHERE c.category_id = '43' AND cd2.language_id = '4' in /Users/fernandomendes/github/klimatiz/public/system/library/db/mysqli.php on line 40
2015-11-03 21:57:48 - PHP Notice:  Trying to get property of non-object in /Users/fernandomendes/github/klimatiz/public/admin/model/catalog/category.php on line 213
2015-11-03 21:57:49 - PHP Warning:  mysqli::query() [<a href='mysqli.query'>mysqli.query</a>]: (21000/1242): Subquery returns more than 1 row in /Users/fernandomendes/github/klimatiz/public/system/library/db/mysqli.php on line 18
2015-11-03 21:57:49 - PHP Notice:  Error: Subquery returns more than 1 row<br />Error No: 1242<br />SELECT DISTINCT *, (SELECT GROUP_CONCAT(cd1.name ORDER BY level SEPARATOR '&nbsp;&nbsp;&gt;&nbsp;&nbsp;') FROM oc_category_path cp LEFT JOIN oc_category_description cd1 ON (cp.path_id = cd1.category_id AND cp.category_id != cp.path_id) WHERE cp.category_id = c.category_id AND cd1.language_id = '4' GROUP BY cp.category_id) AS path, (SELECT DISTINCT keyword FROM oc_url_alias WHERE query = 'category_id=44') AS keyword FROM oc_category c LEFT JOIN oc_category_description cd2 ON (c.category_id = cd2.category_id) WHERE c.category_id = '44' AND cd2.language_id = '4' in /Users/fernandomendes/github/klimatiz/public/system/library/db/mysqli.php on line 40
2015-11-03 21:57:49 - PHP Notice:  Trying to get property of non-object in /Users/fernandomendes/github/klimatiz/public/admin/model/catalog/category.php on line 213
2015-11-03 21:57:50 - PHP Warning:  mysqli::query() [<a href='mysqli.query'>mysqli.query</a>]: (21000/1242): Subquery returns more than 1 row in /Users/fernandomendes/github/klimatiz/public/system/library/db/mysqli.php on line 18
2015-11-03 21:57:50 - PHP Notice:  Error: Subquery returns more than 1 row<br />Error No: 1242<br />SELECT DISTINCT *, (SELECT GROUP_CONCAT(cd1.name ORDER BY level SEPARATOR '&nbsp;&nbsp;&gt;&nbsp;&nbsp;') FROM oc_category_path cp LEFT JOIN oc_category_description cd1 ON (cp.path_id = cd1.category_id AND cp.category_id != cp.path_id) WHERE cp.category_id = c.category_id AND cd1.language_id = '4' GROUP BY cp.category_id) AS path, (SELECT DISTINCT keyword FROM oc_url_alias WHERE query = 'category_id=45') AS keyword FROM oc_category c LEFT JOIN oc_category_description cd2 ON (c.category_id = cd2.category_id) WHERE c.category_id = '45' AND cd2.language_id = '4' in /Users/fernandomendes/github/klimatiz/public/system/library/db/mysqli.php on line 40
2015-11-03 21:57:50 - PHP Notice:  Trying to get property of non-object in /Users/fernandomendes/github/klimatiz/public/admin/model/catalog/category.php on line 213
